<?xml version="1.0" encoding="UTF-8"?>
<!-- Generated by org.testng.reporters.JUnitReportReporter -->
<testsuite skipped="0" hostname="gzy-PC" name="com.gzy.function.MD5Encipher" tests="1" failures="0" timestamp="27 Mar 2017 03:52:07 GMT" time="0.021" errors="0">
  <testcase name="test" time="0.021" classname="com.gzy.function.MD5Encipher"/>
</testsuite> <!-- com.gzy.function.MD5Encipher -->
