<?xml version="1.0" encoding="UTF-8"?>
<!-- Generated by org.testng.reporters.JUnitReportReporter -->
<testsuite skipped="0" hostname="gzy-PC" name="com.gzy.OCR.TTTTT" tests="1" failures="0" timestamp="30 Mar 2017 08:50:54 GMT" time="0.658" errors="0">
  <testcase name="test" time="0.658" classname="com.gzy.OCR.TTTTT"/>
</testsuite> <!-- com.gzy.OCR.TTTTT -->
