<?xml version="1.0" encoding="UTF-8"?>
<!-- Generated by org.testng.reporters.JUnitReportReporter -->
<testsuite skipped="0" hostname="gzy-PC" name="com.gzy.functions.MD5Encipher" tests="1" failures="0" timestamp="27 Mar 2017 06:03:31 GMT" time="0.011" errors="0">
  <testcase name="test" time="0.011" classname="com.gzy.functions.MD5Encipher"/>
</testsuite> <!-- com.gzy.functions.MD5Encipher -->
