<?xml version="1.0" encoding="UTF-8"?>
<!-- Generated by org.testng.reporters.JUnitReportReporter -->
<testsuite skipped="0" hostname="gzy-PC" name="com.gzy.OCR.VcodeUtils" tests="1" failures="0" timestamp="31 Mar 2017 01:58:24 GMT" time="0.010" errors="0">
  <testcase name="test" time="0.010" classname="com.gzy.OCR.VcodeUtils"/>
</testsuite> <!-- com.gzy.OCR.VcodeUtils -->
