<?xml version="1.0" encoding="UTF-8"?>
<!-- Generated by org.testng.reporters.JUnitReportReporter -->
<testsuite skipped="0" hostname="gzy-PC" name="com.gzy.OCR.OCRUtil" tests="1" failures="0" timestamp="31 Mar 2017 06:24:31 GMT" time="0.669" errors="0">
  <testcase name="test" time="0.669" classname="com.gzy.OCR.OCRUtil"/>
</testsuite> <!-- com.gzy.OCR.OCRUtil -->
