<?xml version="1.0" encoding="UTF-8"?>
<!-- Generated by org.testng.reporters.JUnitReportReporter -->
<testsuite skipped="0" hostname="gzy-PC" name="com.gzy.OCR.OCRUtil" tests="1" failures="0" timestamp="30 Mar 2017 08:49:30 GMT" time="0.692" errors="0">
  <testcase name="test" time="0.692" classname="com.gzy.OCR.OCRUtil"/>
</testsuite> <!-- com.gzy.OCR.OCRUtil -->
